MergeFruit/Library/Bee/Android/Prj/IL2CPP/Gradle/launcher/build/intermediates/manifest_merge_blame_file/release/manifest-merger-blame-release-report.txt
1<?xml version="1.0" encoding="utf-8"?>
2<manifest xmlns:android="http://schemas.android.com/apk/res/android"
3    package="com.rec.MergeFruit"
4    android:installLocation="preferExternal"
5    android:versionCode="1"
6    android:versionName="0.1" >
7
8    <uses-sdk
9        android:minSdkVersion="22"
9-->src/main/AndroidManifest.xml
10        android:targetSdkVersion="34" />
10-->src/main/AndroidManifest.xml
11
12    <supports-screens
12-->src/main/AndroidManifest.xml:4:3-163
13        android:anyDensity="true"
13-->src/main/AndroidManifest.xml:4:135-160
14        android:largeScreens="true"
14-->src/main/AndroidManifest.xml:4:78-105
15        android:normalScreens="true"
15-->src/main/AndroidManifest.xml:4:49-77
16        android:smallScreens="true"
16-->src/main/AndroidManifest.xml:4:21-48
17        android:xlargeScreens="true" />
17-->src/main/AndroidManifest.xml:4:106-134
18
19    <uses-permission android:name="android.permission.INTERNET" />
19-->[:unityLibrary] AndroidManifest.xml:12:5-67
19-->[:unityLibrary] AndroidManifest.xml:12:22-64
20
21    <uses-feature android:glEsVersion="0x00030000" />
21-->[:unityLibrary] AndroidManifest.xml:14:5-54
21-->[:unityLibrary] AndroidManifest.xml:14:19-51
22    <uses-feature
22-->[:unityLibrary] AndroidManifest.xml:15:5-17:36
23        android:name="android.hardware.vulkan.version"
23-->[:unityLibrary] AndroidManifest.xml:16:9-55
24        android:required="false" />
24-->[:unityLibrary] AndroidManifest.xml:17:9-33
25    <uses-feature
25-->[:unityLibrary] AndroidManifest.xml:18:5-20:36
26        android:name="android.hardware.touchscreen"
26-->[:unityLibrary] AndroidManifest.xml:19:9-52
27        android:required="false" />
27-->[:unityLibrary] AndroidManifest.xml:20:9-33
28    <uses-feature
28-->[:unityLibrary] AndroidManifest.xml:21:5-23:36
29        android:name="android.hardware.touchscreen.multitouch"
29-->[:unityLibrary] AndroidManifest.xml:22:9-63
30        android:required="false" />
30-->[:unityLibrary] AndroidManifest.xml:23:9-33
31    <uses-feature
31-->[:unityLibrary] AndroidManifest.xml:24:5-26:36
32        android:name="android.hardware.touchscreen.multitouch.distinct"
32-->[:unityLibrary] AndroidManifest.xml:25:9-72
33        android:required="false" />
33-->[:unityLibrary] AndroidManifest.xml:26:9-33
34
35    <uses-permission android:name="com.google.android.gms.permission.AD_ID" />
35-->[:com.facebook.android.facebook-core-17.0.2:] AndroidManifest.xml:11:3-77
35-->[:com.facebook.android.facebook-core-17.0.2:] AndroidManifest.xml:11:20-74
36
37    <queries>
37-->[:com.facebook.android.facebook-common-17.0.2:] AndroidManifest.xml:11:3-13:13
38        <package android:name="com.facebook.katana" />
38-->[:com.facebook.android.facebook-common-17.0.2:] AndroidManifest.xml:12:5-51
38-->[:com.facebook.android.facebook-common-17.0.2:] AndroidManifest.xml:12:14-48
39    </queries>
40
41    <uses-permission android:name="com.google.android.finsky.permission.BIND_GET_INSTALL_REFERRER_SERVICE" />
41-->[:com.android.installreferrer.installreferrer-1.0:] AndroidManifest.xml:9:5-110
41-->[:com.android.installreferrer.installreferrer-1.0:] AndroidManifest.xml:9:22-107
42
43    <application
43-->src/main/AndroidManifest.xml:3:3-83
44        android:appComponentFactory="androidx.core.app.CoreComponentFactory"
44-->[:androidx.core.core-1.3.2:] AndroidManifest.xml:24:18-86
45        android:debuggable="true"
45-->[:unityLibrary] AndroidManifest.xml:36:9-34
46        android:extractNativeLibs="true"
46-->[:unityLibrary] AndroidManifest.xml:37:9-41
47        android:icon="@mipmap/app_icon"
47-->src/main/AndroidManifest.xml:3:49-80
48        android:label="@string/app_name"
48-->src/main/AndroidManifest.xml:3:16-48
49        android:supportsRtl="true"
49-->[:com.facebook.android.facebook-login-17.0.2:] AndroidManifest.xml:16:18-44
50        android:theme="@android:style/Theme.NoTitleBar.Fullscreen" >
50-->[:unityLibrary] AndroidManifest.xml:40:9-67
51        <provider
51-->[:unityLibrary] AndroidManifest.xml:41:9-44:39
52            android:name="com.facebook.FacebookContentProvider"
52-->[:unityLibrary] AndroidManifest.xml:42:13-64
53            android:authorities="com.facebook.app.FacebookContentProvider1174808620913817"
53-->[:unityLibrary] AndroidManifest.xml:43:13-91
54            android:exported="true" />
54-->[:unityLibrary] AndroidManifest.xml:44:13-36
55
56        <meta-data
56-->[:unityLibrary] AndroidManifest.xml:46:9-48:50
57            android:name="com.facebook.sdk.ApplicationId"
57-->[:unityLibrary] AndroidManifest.xml:47:13-58
58            android:value="fb1174808620913817" />
58-->[:unityLibrary] AndroidManifest.xml:48:13-47
59        <meta-data
59-->[:unityLibrary] AndroidManifest.xml:49:9-51:64
60            android:name="com.facebook.sdk.ClientToken"
60-->[:unityLibrary] AndroidManifest.xml:50:13-56
61            android:value="5a56c0eb50d9ed3fd4433d875e8815a4" />
61-->[:unityLibrary] AndroidManifest.xml:51:13-61
62        <meta-data
62-->[:unityLibrary] AndroidManifest.xml:52:9-54:36
63            android:name="com.facebook.sdk.AutoLogAppEventsEnabled"
63-->[:unityLibrary] AndroidManifest.xml:53:13-68
64            android:value="true" />
64-->[:unityLibrary] AndroidManifest.xml:54:13-33
65        <meta-data
65-->[:unityLibrary] AndroidManifest.xml:55:9-57:36
66            android:name="com.facebook.sdk.AdvertiserIDCollectionEnabled"
66-->[:unityLibrary] AndroidManifest.xml:56:13-74
67            android:value="true" />
67-->[:unityLibrary] AndroidManifest.xml:57:13-33
68        <meta-data
68-->[:unityLibrary] AndroidManifest.xml:58:9-60:33
69            android:name="unity.splash-mode"
69-->[:unityLibrary] AndroidManifest.xml:59:13-45
70            android:value="0" />
70-->[:unityLibrary] AndroidManifest.xml:60:13-30
71        <meta-data
71-->[:unityLibrary] AndroidManifest.xml:61:9-63:36
72            android:name="unity.splash-enable"
72-->[:unityLibrary] AndroidManifest.xml:62:13-47
73            android:value="True" />
73-->[:unityLibrary] AndroidManifest.xml:63:13-33
74        <meta-data
74-->[:unityLibrary] AndroidManifest.xml:64:9-66:36
75            android:name="unity.launch-fullscreen"
75-->[:unityLibrary] AndroidManifest.xml:65:13-51
76            android:value="True" />
76-->[:unityLibrary] AndroidManifest.xml:66:13-33
77        <meta-data
77-->[:unityLibrary] AndroidManifest.xml:67:9-69:50
78            android:name="notch.config"
78-->[:unityLibrary] AndroidManifest.xml:68:13-40
79            android:value="portrait|landscape" />
79-->[:unityLibrary] AndroidManifest.xml:69:13-47
80        <meta-data
80-->[:unityLibrary] AndroidManifest.xml:70:9-72:36
81            android:name="unity.auto-report-fully-drawn"
81-->[:unityLibrary] AndroidManifest.xml:71:13-57
82            android:value="true" />
82-->[:unityLibrary] AndroidManifest.xml:72:13-33
83
84        <activity
84-->[:unityLibrary] AndroidManifest.xml:74:9-95:20
85            android:name="com.unity3d.player.UnityPlayerActivity"
85-->[:unityLibrary] AndroidManifest.xml:75:13-66
86            android:configChanges="mcc|mnc|locale|touchscreen|keyboard|keyboardHidden|navigation|orientation|screenLayout|uiMode|screenSize|smallestScreenSize|fontScale|layoutDirection|density"
86-->[:unityLibrary] AndroidManifest.xml:76:13-194
87            android:exported="true"
87-->[:unityLibrary] AndroidManifest.xml:77:13-36
88            android:hardwareAccelerated="false"
88-->[:unityLibrary] AndroidManifest.xml:78:13-48
89            android:label="@string/app_name"
89-->[:unityLibrary] AndroidManifest.xml:79:13-45
90            android:launchMode="singleTask"
90-->[:unityLibrary] AndroidManifest.xml:80:13-44
91            android:resizeableActivity="false"
91-->[:unityLibrary] AndroidManifest.xml:81:13-47
92            android:screenOrientation="fullUser" >
92-->[:unityLibrary] AndroidManifest.xml:82:13-49
93            <intent-filter>
93-->[:unityLibrary] AndroidManifest.xml:83:13-87:29
94                <category android:name="android.intent.category.LAUNCHER" />
94-->[:unityLibrary] AndroidManifest.xml:84:17-77
94-->[:unityLibrary] AndroidManifest.xml:84:27-74
95
96                <action android:name="android.intent.action.MAIN" />
96-->[:unityLibrary] AndroidManifest.xml:86:17-69
96-->[:unityLibrary] AndroidManifest.xml:86:25-66
97            </intent-filter>
98
99            <meta-data
99-->[:unityLibrary] AndroidManifest.xml:89:13-91:40
100                android:name="unityplayer.UnityActivity"
100-->[:unityLibrary] AndroidManifest.xml:90:17-57
101                android:value="true" />
101-->[:unityLibrary] AndroidManifest.xml:91:17-37
102            <meta-data
102-->[:unityLibrary] AndroidManifest.xml:92:13-94:40
103                android:name="notch_support"
103-->[:unityLibrary] AndroidManifest.xml:93:17-45
104                android:value="true" />
104-->[:unityLibrary] AndroidManifest.xml:94:17-37
105        </activity>
106        <activity
106-->[:unityLibrary] AndroidManifest.xml:96:9-99:86
107            android:name="com.facebook.unity.FBUnityLoginActivity"
107-->[:unityLibrary] AndroidManifest.xml:97:13-67
108            android:configChanges="fontScale|keyboard|keyboardHidden|locale|mnc|mcc|navigation|orientation|screenLayout|screenSize|smallestScreenSize|uiMode|touchscreen"
108-->[:unityLibrary] AndroidManifest.xml:98:13-170
109            android:theme="@android:style/Theme.Translucent.NoTitleBar.Fullscreen" />
109-->[:unityLibrary] AndroidManifest.xml:99:13-83
110        <activity
110-->[:unityLibrary] AndroidManifest.xml:100:9-103:86
111            android:name="com.facebook.unity.FBUnityDialogsActivity"
111-->[:unityLibrary] AndroidManifest.xml:101:13-69
112            android:configChanges="fontScale|keyboard|keyboardHidden|locale|mnc|mcc|navigation|orientation|screenLayout|screenSize|smallestScreenSize|uiMode|touchscreen"
112-->[:unityLibrary] AndroidManifest.xml:102:13-170
113            android:theme="@android:style/Theme.Translucent.NoTitleBar.Fullscreen" />
113-->[:unityLibrary] AndroidManifest.xml:103:13-83
114        <activity
114-->[:unityLibrary] AndroidManifest.xml:104:9-107:86
115            android:name="com.facebook.unity.FBUnityGamingServicesFriendFinderActivity"
115-->[:unityLibrary] AndroidManifest.xml:105:13-88
116            android:configChanges="fontScale|keyboard|keyboardHidden|locale|mnc|mcc|navigation|orientation|screenLayout|screenSize|smallestScreenSize|uiMode|touchscreen"
116-->[:unityLibrary] AndroidManifest.xml:106:13-170
117            android:theme="@android:style/Theme.Translucent.NoTitleBar.Fullscreen" />
117-->[:unityLibrary] AndroidManifest.xml:107:13-83
118        <activity
118-->[:unityLibrary] AndroidManifest.xml:108:9-110:39
119            android:name="com.facebook.unity.FBUnityAppLinkActivity"
119-->[:unityLibrary] AndroidManifest.xml:109:13-69
120            android:exported="true" />
120-->[:unityLibrary] AndroidManifest.xml:110:13-36
121        <activity
121-->[:unityLibrary] AndroidManifest.xml:111:9-113:39
122            android:name="com.facebook.unity.FBUnityDeepLinkingActivity"
122-->[:unityLibrary] AndroidManifest.xml:112:13-73
123            android:exported="true" />
123-->[:unityLibrary] AndroidManifest.xml:113:13-36
124        <activity android:name="com.facebook.unity.FBUnityGameRequestActivity" />
124-->[:unityLibrary] AndroidManifest.xml:114:9-82
124-->[:unityLibrary] AndroidManifest.xml:114:19-79
125        <!--
126         The initialization ContentProvider will call FacebookSdk.sdkInitialize automatically
127         with the application context. This config is merged in with the host app's manifest,
128         but there can only be one provider with the same authority activated at any given
129         point; so if the end user has two or more different apps that use Facebook SDK, only the
130         first one will be able to use the provider. To work around this problem, we use the
131         following placeholder in the authority to identify each host application as if it was
132         a completely different provider.
133        -->
134        <provider
134-->[:com.facebook.android.facebook-core-17.0.2:] AndroidManifest.xml:22:5-162
135            android:name="com.facebook.internal.FacebookInitProvider"
135-->[:com.facebook.android.facebook-core-17.0.2:] AndroidManifest.xml:22:15-72
136            android:authorities="com.rec.MergeFruit.FacebookInitProvider"
136-->[:com.facebook.android.facebook-core-17.0.2:] AndroidManifest.xml:22:73-134
137            android:exported="false" />
137-->[:com.facebook.android.facebook-core-17.0.2:] AndroidManifest.xml:22:135-159
138
139        <receiver
139-->[:com.facebook.android.facebook-core-17.0.2:] AndroidManifest.xml:23:5-27:16
140            android:name="com.facebook.CurrentAccessTokenExpirationBroadcastReceiver"
140-->[:com.facebook.android.facebook-core-17.0.2:] AndroidManifest.xml:23:15-88
141            android:exported="false" >
141-->[:com.facebook.android.facebook-core-17.0.2:] AndroidManifest.xml:23:89-113
142            <intent-filter>
142-->[:com.facebook.android.facebook-core-17.0.2:] AndroidManifest.xml:24:7-26:23
143                <action android:name="com.facebook.sdk.ACTION_CURRENT_ACCESS_TOKEN_CHANGED" />
143-->[:com.facebook.android.facebook-core-17.0.2:] AndroidManifest.xml:25:9-87
143-->[:com.facebook.android.facebook-core-17.0.2:] AndroidManifest.xml:25:17-84
144            </intent-filter>
145        </receiver>
146        <receiver
146-->[:com.facebook.android.facebook-core-17.0.2:] AndroidManifest.xml:28:5-32:16
147            android:name="com.facebook.AuthenticationTokenManager$CurrentAuthenticationTokenChangedBroadcastReceiver"
147-->[:com.facebook.android.facebook-core-17.0.2:] AndroidManifest.xml:28:15-120
148            android:exported="false" >
148-->[:com.facebook.android.facebook-core-17.0.2:] AndroidManifest.xml:28:121-145
149            <intent-filter>
149-->[:com.facebook.android.facebook-core-17.0.2:] AndroidManifest.xml:29:7-31:23
150                <action android:name="com.facebook.sdk.ACTION_CURRENT_AUTHENTICATION_TOKEN_CHANGED" />
150-->[:com.facebook.android.facebook-core-17.0.2:] AndroidManifest.xml:30:9-95
150-->[:com.facebook.android.facebook-core-17.0.2:] AndroidManifest.xml:30:17-92
151            </intent-filter>
152        </receiver>
153
154        <activity
154-->[:com.facebook.android.facebook-common-17.0.2:] AndroidManifest.xml:15:5-197
155            android:name="com.facebook.FacebookActivity"
155-->[:com.facebook.android.facebook-common-17.0.2:] AndroidManifest.xml:15:15-59
156            android:configChanges="keyboard|keyboardHidden|screenLayout|screenSize|orientation"
156-->[:com.facebook.android.facebook-common-17.0.2:] AndroidManifest.xml:15:60-143
157            android:theme="@style/com_facebook_activity_theme" />
157-->[:com.facebook.android.facebook-common-17.0.2:] AndroidManifest.xml:15:144-194
158        <activity android:name="com.facebook.CustomTabMainActivity" />
158-->[:com.facebook.android.facebook-common-17.0.2:] AndroidManifest.xml:16:5-67
158-->[:com.facebook.android.facebook-common-17.0.2:] AndroidManifest.xml:16:15-64
159        <activity
159-->[:com.facebook.android.facebook-common-17.0.2:] AndroidManifest.xml:17:5-24:16
160            android:name="com.facebook.CustomTabActivity"
160-->[:com.facebook.android.facebook-common-17.0.2:] AndroidManifest.xml:17:15-60
161            android:exported="true" >
161-->[:com.facebook.android.facebook-common-17.0.2:] AndroidManifest.xml:17:61-84
162            <intent-filter>
162-->[:com.facebook.android.facebook-common-17.0.2:] AndroidManifest.xml:18:7-23:23
163                <action android:name="android.intent.action.VIEW" />
163-->[:com.facebook.android.facebook-common-17.0.2:] AndroidManifest.xml:19:9-61
163-->[:com.facebook.android.facebook-common-17.0.2:] AndroidManifest.xml:19:17-58
164
165                <category android:name="android.intent.category.DEFAULT" />
165-->[:com.facebook.android.facebook-common-17.0.2:] AndroidManifest.xml:20:9-68
165-->[:com.facebook.android.facebook-common-17.0.2:] AndroidManifest.xml:20:19-65
166                <category android:name="android.intent.category.BROWSABLE" />
166-->[:com.facebook.android.facebook-common-17.0.2:] AndroidManifest.xml:21:9-70
166-->[:com.facebook.android.facebook-common-17.0.2:] AndroidManifest.xml:21:19-67
167
168                <data
168-->[:com.facebook.android.facebook-common-17.0.2:] AndroidManifest.xml:22:9-82
169                    android:host="cct.com.rec.MergeFruit"
169-->[:com.facebook.android.facebook-common-17.0.2:] AndroidManifest.xml:22:15-52
170                    android:scheme="fbconnect" />
170-->[:com.facebook.android.facebook-common-17.0.2:] AndroidManifest.xml:22:53-79
171            </intent-filter>
172        </activity>
173    </application>
174
175</manifest>